<?xml version="1.0" encoding="UTF-8"?>
<!-- Generated by org.testng.reporters.JUnitXMLReporter -->
<testsuite ignored="0" hostname="Decoding" failures="0" tests="3" name="Firefox" time="4.217" errors="0" timestamp="2025-03-16T16:39:02 IST">
  <testcase classname="com.blackTouch.testcases.newTabs" name="Login" time="0.0">
    <skipped/>
  </testcase> <!-- Login -->
  <testcase classname="com.blackTouch.testcases.newTabs" name="addCart" time="0.0">
    <skipped/>
  </testcase> <!-- addCart -->
  <testcase classname="com.blackTouch.testcases.newTabs" name="amountAdd" time="0.0">
    <skipped/>
  </testcase> <!-- amountAdd -->
</testsuite> <!-- Firefox -->
