<?xml version="1.0" encoding="UTF-8"?>
<!-- Generated by org.testng.reporters.JUnitXMLReporter -->
<testsuite ignored="0" hostname="Decoding" failures="2" tests="3" name="Microsoft Edge" time="65.343" errors="0" timestamp="2025-03-16T16:38:07 IST">
  <testcase classname="com.blackTouch.testcases.newTabs" name="Login" time="13.554"/>
  <testcase classname="com.blackTouch.testcases.newTabs" name="addCart" time="16.179">
    <failure type="java.lang.AssertionError" message="expected [Samsung galaxy s67] but found [Samsung galaxy s6]">
      <![CDATA[java.lang.AssertionError: expected [Samsung galaxy s67] but found [Samsung galaxy s6]
at com.blackTouch.testcases.newTabs.addCart(newTabs.java:232)
at java.base/java.util.ArrayList.forEach(ArrayList.java:1511)
at java.base/java.util.concurrent.FutureTask.run(FutureTask.java:264)
at java.base/java.util.concurrent.ThreadPoolExecutor.runWorker(ThreadPoolExecutor.java:1136)
at java.base/java.util.concurrent.ThreadPoolExecutor$Worker.run(ThreadPoolExecutor.java:635)
at java.base/java.lang.Thread.run(Thread.java:833)
... Removed 20 stack frames]]>
    </failure>
  </testcase> <!-- addCart -->
  <testcase classname="com.blackTouch.testcases.newTabs" name="amountAdd" time="15.678">
    <failure type="org.openqa.selenium.ElementNotInteractableException" message="element not interactable
  (Session info: MicrosoftEdge=134.0.3124.72)
Build info: version: &amp;apos;4.10.0&amp;apos;, revision: &amp;apos;c14d967899&amp;apos;
System info: os.name: &amp;apos;Windows 11&amp;apos;, os.arch: &amp;apos;amd64&amp;apos;, os.version: &amp;apos;10.0&amp;apos;, java.version: &amp;apos;18.0.1&amp;apos;
Driver info: org.openqa.selenium.edge.EdgeDriver
Command: [37e375e73ba486ec9d7f6519e1e11567, clickElement {id=f.51BE127BE4F04E67984EC73A950430CD.d.18B625B52229DE69CEA8367336AEA19C.e.440}]
Capabilities {acceptInsecureCerts: false, browserName: MicrosoftEdge, browserVersion: 134.0.3124.72, fedcm:accounts: true, ms:edgeOptions: {debuggerAddress: localhost:60989}, msedge: {msedgedriverVersion: 134.0.3124.68 (3aef6e50b44d..., userDataDir: C:\Users\prasa\AppData\Loca...}, networkConnectionEnabled: false, pageLoadStrategy: normal, platformName: windows, proxy: Proxy(), se:cdp: ws://localhost:60989/devtoo..., se:cdpVersion: 134.0.3124.72, setWindowRect: true, strictFileInteractability: false, timeouts: {implicit: 0, pageLoad: 300000, script: 30000}, unhandledPromptBehavior: dismiss and notify, webauthn:extension:credBlob: true, webauthn:extension:largeBlob: true, webauthn:extension:minPinLength: true, webauthn:extension:prf: true, webauthn:virtualAuthenticators: true}
Element: [[EdgeDriver: MicrosoftEdge on windows (37e375e73ba486ec9d7f6519e1e11567)] -&amp;gt; id: login2]
Session ID: 37e375e73ba486ec9d7f6519e1e11567">
      <![CDATA[org.openqa.selenium.ElementNotInteractableException: element not interactable
  (Session info: MicrosoftEdge=134.0.3124.72)
Build info: version: '4.10.0', revision: 'c14d967899'
System info: os.name: 'Windows 11', os.arch: 'amd64', os.version: '10.0', java.version: '18.0.1'
Driver info: org.openqa.selenium.edge.EdgeDriver
Command: [37e375e73ba486ec9d7f6519e1e11567, clickElement {id=f.51BE127BE4F04E67984EC73A950430CD.d.18B625B52229DE69CEA8367336AEA19C.e.440}]
Capabilities {acceptInsecureCerts: false, browserName: MicrosoftEdge, browserVersion: 134.0.3124.72, fedcm:accounts: true, ms:edgeOptions: {debuggerAddress: localhost:60989}, msedge: {msedgedriverVersion: 134.0.3124.68 (3aef6e50b44d..., userDataDir: C:\Users\prasa\AppData\Loca...}, networkConnectionEnabled: false, pageLoadStrategy: normal, platformName: windows, proxy: Proxy(), se:cdp: ws://localhost:60989/devtoo..., se:cdpVersion: 134.0.3124.72, setWindowRect: true, strictFileInteractability: false, timeouts: {implicit: 0, pageLoad: 300000, script: 30000}, unhandledPromptBehavior: dismiss and notify, webauthn:extension:credBlob: true, webauthn:extension:largeBlob: true, webauthn:extension:minPinLength: true, webauthn:extension:prf: true, webauthn:virtualAuthenticators: true}
Element: [[EdgeDriver: MicrosoftEdge on windows (37e375e73ba486ec9d7f6519e1e11567)] -> id: login2]
Session ID: 37e375e73ba486ec9d7f6519e1e11567
at org.openqa.selenium.remote.codec.w3c.W3CHttpResponseCodec.createException(W3CHttpResponseCodec.java:199)
at org.openqa.selenium.remote.codec.w3c.W3CHttpResponseCodec.decode(W3CHttpResponseCodec.java:132)
at org.openqa.selenium.remote.codec.w3c.W3CHttpResponseCodec.decode(W3CHttpResponseCodec.java:51)
at org.openqa.selenium.remote.HttpCommandExecutor.execute(HttpCommandExecutor.java:191)
at org.openqa.selenium.remote.service.DriverCommandExecutor.invokeExecute(DriverCommandExecutor.java:196)
at org.openqa.selenium.remote.service.DriverCommandExecutor.execute(DriverCommandExecutor.java:171)
at org.openqa.selenium.remote.RemoteWebDriver.execute(RemoteWebDriver.java:531)
at org.openqa.selenium.remote.RemoteWebElement.execute(RemoteWebElement.java:242)
at org.openqa.selenium.remote.RemoteWebElement.click(RemoteWebElement.java:77)
at org.openqa.selenium.support.pagefactory.internal.LocatingElementHandler.invoke(LocatingElementHandler.java:51)
at jdk.proxy2/jdk.proxy2.$Proxy23.click(Unknown Source)
at com.blackTouch.identities.ids.login(ids.java:62)
at com.blackTouch.testcases.newTabs.amountAdd(newTabs.java:250)
at java.base/java.util.ArrayList.forEach(ArrayList.java:1511)
at java.base/java.util.concurrent.FutureTask.run(FutureTask.java:264)
at java.base/java.util.concurrent.ThreadPoolExecutor.runWorker(ThreadPoolExecutor.java:1136)
at java.base/java.util.concurrent.ThreadPoolExecutor$Worker.run(ThreadPoolExecutor.java:635)
at java.base/java.lang.Thread.run(Thread.java:833)
... Removed 20 stack frames]]>
    </failure>
  </testcase> <!-- amountAdd -->
</testsuite> <!-- Microsoft Edge -->
