<?xml version="1.0" encoding="UTF-8"?>
<!-- Generated by org.testng.reporters.JUnitXMLReporter -->
<testsuite ignored="0" hostname="Decoding" failures="0" tests="3" name="Paralleltest" time="56.362" errors="0" timestamp="2025-03-16T13:49:48 IST">
  <testcase classname="com.blackTouch.testcases.newTabs" name="Login" time="12.84"/>
  <testcase classname="com.blackTouch.testcases.newTabs" name="addCart" time="15.818"/>
  <testcase classname="com.blackTouch.testcases.newTabs" name="amountAdd" time="20.787"/>
</testsuite> <!-- Paralleltest -->
